CRITICAL - 2025-11-25 13:51:27 --> ErrorException: Undefined variable $page
in APPPATH\Views\frontend\template\layout.php on line 31.
 1 APPPATH\Views\frontend\template\layout.php(31): CodeIgniter\Debug\Exceptions->errorHandler(2, 'Undefined variable $page', 'D:\\FERLY\\2025\\PUPR\\satria\\app\\Views\\frontend\\template\\layout.php', 31)
 2 SYSTEMPATH\View\View.php(228): include('D:\\FERLY\\2025\\PUPR\\satria\\app\\Views\\frontend\\template\\layout.php')
 3 SYSTEMPATH\View\View.php(231): CodeIgniter\View\View->CodeIgniter\View\{closure}()
 4 SYSTEMPATH\View\View.php(469): CodeIgniter\View\View->render('frontend/template/layout', null, true)
 5 APPPATH\Views\frontend\home\index.php(1): CodeIgniter\View\View->include('frontend/template/layout')
 6 SYSTEMPATH\View\View.php(228): include('D:\\FERLY\\2025\\PUPR\\satria\\app\\Views\\frontend\\home\\index.php')
 7 SYSTEMPATH\View\View.php(231): CodeIgniter\View\View->CodeIgniter\View\{closure}()
 8 SYSTEMPATH\Common.php(1178): CodeIgniter\View\View->render('frontend/home/index', [], true)
 9 APPPATH\Controllers\Home.php(9): view('frontend/home/index')
10 SYSTEMPATH\CodeIgniter.php(943): App\Controllers\Home->index()
11 SYSTEMPATH\CodeIgniter.php(503): CodeIgniter\CodeIgniter->runController(Object(App\Controllers\Home))
12 SYSTEMPATH\CodeIgniter.php(361): CodeIgniter\CodeIgniter->handleRequest(null, Object(Config\Cache), false)
13 FCPATH\index.php(79): CodeIgniter\CodeIgniter->run()
14 SYSTEMPATH\Commands\Server\rewrite.php(47): require_once('D:\\FERLY\\2025\\PUPR\\satria\\public\\index.php')
CRITICAL - 2025-11-25 13:52:04 --> RuntimeException: View themes, no current section.
in SYSTEMPATH\View\View.php on line 425.
 1 APPPATH\Views\frontend\home\index.php(504): CodeIgniter\View\View->endSection()
 2 SYSTEMPATH\View\View.php(228): include('D:\\FERLY\\2025\\PUPR\\satria\\app\\Views\\frontend\\home\\index.php')
 3 SYSTEMPATH\View\View.php(231): CodeIgniter\View\View->CodeIgniter\View\{closure}()
 4 SYSTEMPATH\Common.php(1178): CodeIgniter\View\View->render('frontend/home/index', [], true)
 5 APPPATH\Controllers\Home.php(13): view('frontend/home/index', [...])
 6 SYSTEMPATH\CodeIgniter.php(943): App\Controllers\Home->index()
 7 SYSTEMPATH\CodeIgniter.php(503): CodeIgniter\CodeIgniter->runController(Object(App\Controllers\Home))
 8 SYSTEMPATH\CodeIgniter.php(361): CodeIgniter\CodeIgniter->handleRequest(null, Object(Config\Cache), false)
 9 FCPATH\index.php(79): CodeIgniter\CodeIgniter->run()
10 SYSTEMPATH\Commands\Server\rewrite.php(47): require_once('D:\\FERLY\\2025\\PUPR\\satria\\public\\index.php')
