CRITICAL - 2025-11-24 03:58:42 --> ErrorException: Undefined variable $page
in APPPATH\Views\backend\template\layout.php on line 443.
 1 APPPATH\Views\backend\template\layout.php(443): CodeIgniter\Debug\Exceptions->errorHandler(2, 'Undefined variable $page', 'D:\\FERLY\\2025\\PERKIM\\satria\\app\\Views\\backend\\template\\layout.php', 443)
 2 SYSTEMPATH\View\View.php(228): include('D:\\FERLY\\2025\\PERKIM\\satria\\app\\Views\\backend\\template\\layout.php')
 3 SYSTEMPATH\View\View.php(231): CodeIgniter\View\View->CodeIgniter\View\{closure}()
 4 SYSTEMPATH\View\View.php(244): CodeIgniter\View\View->render('backend/template/layout', [], true)
 5 SYSTEMPATH\Common.php(1178): CodeIgniter\View\View->render('backend/dashboard/index', [], true)
 6 APPPATH\Controllers\Dashboard.php(48): view('backend/dashboard/index', [...])
 7 SYSTEMPATH\CodeIgniter.php(943): App\Controllers\Dashboard->index()
 8 SYSTEMPATH\CodeIgniter.php(503): CodeIgniter\CodeIgniter->runController(Object(App\Controllers\Dashboard))
 9 SYSTEMPATH\CodeIgniter.php(361): CodeIgniter\CodeIgniter->handleRequest(null, Object(Config\Cache), false)
10 FCPATH\index.php(79): CodeIgniter\CodeIgniter->run()
11 SYSTEMPATH\Commands\Server\rewrite.php(47): require_once('D:\\FERLY\\2025\\PERKIM\\satria\\public\\index.php')
CRITICAL - 2025-11-24 03:58:47 --> ErrorException: Undefined variable $page
in APPPATH\Views\backend\template\layout.php on line 443.
 1 APPPATH\Views\backend\template\layout.php(443): CodeIgniter\Debug\Exceptions->errorHandler(2, 'Undefined variable $page', 'D:\\FERLY\\2025\\PERKIM\\satria\\app\\Views\\backend\\template\\layout.php', 443)
 2 SYSTEMPATH\View\View.php(228): include('D:\\FERLY\\2025\\PERKIM\\satria\\app\\Views\\backend\\template\\layout.php')
 3 SYSTEMPATH\View\View.php(231): CodeIgniter\View\View->CodeIgniter\View\{closure}()
 4 SYSTEMPATH\View\View.php(244): CodeIgniter\View\View->render('backend/template/layout', [], true)
 5 SYSTEMPATH\Common.php(1178): CodeIgniter\View\View->render('backend/dashboard/index', [], true)
 6 APPPATH\Controllers\Dashboard.php(48): view('backend/dashboard/index', [...])
 7 SYSTEMPATH\CodeIgniter.php(943): App\Controllers\Dashboard->index()
 8 SYSTEMPATH\CodeIgniter.php(503): CodeIgniter\CodeIgniter->runController(Object(App\Controllers\Dashboard))
 9 SYSTEMPATH\CodeIgniter.php(361): CodeIgniter\CodeIgniter->handleRequest(null, Object(Config\Cache), false)
10 FCPATH\index.php(79): CodeIgniter\CodeIgniter->run()
11 SYSTEMPATH\Commands\Server\rewrite.php(47): require_once('D:\\FERLY\\2025\\PERKIM\\satria\\public\\index.php')
