INFO - 2025-11-29 08:39:26 --> Session: Class initialized using 'CodeIgniter\Session\Handlers\FileHandler' driver.
INFO - 2025-11-29 08:39:27 --> Session: Class initialized using 'CodeIgniter\Session\Handlers\FileHandler' driver.
INFO - 2025-11-29 08:39:53 --> Session: Class initialized using 'CodeIgniter\Session\Handlers\FileHandler' driver.
ERROR - 2025-11-29 08:40:17 --> Error connecting to the database: ErrorException: mysqli::real_connect(): Error while reading greeting packet. PID=26944 in D:\FERLY\2025\PUPR\satria\vendor\codeigniter4\framework\system\Database\MySQLi\Connection.php:185
Stack trace:
#0 [internal function]: CodeIgniter\Debug\Exceptions->errorHandler(2, 'mysqli::real_co...', 'D:\\FERLY\\2025\\P...', 185)
#1 D:\FERLY\2025\PUPR\satria\vendor\codeigniter4\framework\system\Database\MySQLi\Connection.php(185): mysqli->real_connect('localhost', 'root', '', 'satria', 3306, '', 0)
#2 D:\FERLY\2025\PUPR\satria\vendor\codeigniter4\framework\system\Database\BaseConnection.php(392): CodeIgniter\Database\MySQLi\Connection->connect(false)
#3 D:\FERLY\2025\PUPR\satria\vendor\codeigniter4\framework\system\Database\BaseConnection.php(575): CodeIgniter\Database\BaseConnection->initialize()
#4 D:\FERLY\2025\PUPR\satria\vendor\codeigniter4\framework\system\Database\BaseBuilder.php(1616): CodeIgniter\Database\BaseConnection->query('SELECT *\nFROM `...', Array, false)
#5 D:\FERLY\2025\PUPR\satria\vendor\codeigniter4\framework\system\Model.php(271): CodeIgniter\Database\BaseBuilder->get()
#6 D:\FERLY\2025\PUPR\satria\vendor\codeigniter4\framework\system\BaseModel.php(679): CodeIgniter\Model->doFirst()
#7 D:\FERLY\2025\PUPR\satria\app\Models\UserModel.php(24): CodeIgniter\BaseModel->first()
#8 D:\FERLY\2025\PUPR\satria\app\Libraries\AuthLibrary.php(36): App\Models\UserModel->findByEmailOrUsername('admin')
#9 D:\FERLY\2025\PUPR\satria\app\Controllers\AuthController.php(32): App\Libraries\AuthLibrary->login('admin', '@Super#25')
#10 D:\FERLY\2025\PUPR\satria\vendor\codeigniter4\framework\system\CodeIgniter.php(943): App\Controllers\AuthController->attemptLogin()
#11 D:\FERLY\2025\PUPR\satria\vendor\codeigniter4\framework\system\CodeIgniter.php(503): CodeIgniter\CodeIgniter->runController(Object(App\Controllers\AuthController))
#12 D:\FERLY\2025\PUPR\satria\vendor\codeigniter4\framework\system\CodeIgniter.php(361): CodeIgniter\CodeIgniter->handleRequest(NULL, Object(Config\Cache), false)
#13 D:\FERLY\2025\PUPR\satria\public\index.php(79): CodeIgniter\CodeIgniter->run()
#14 D:\FERLY\2025\PUPR\satria\vendor\codeigniter4\framework\system\Commands\Server\rewrite.php(47): require_once('D:\\FERLY\\2025\\P...')
#15 {main}

Next mysqli_sql_exception: MySQL server has gone away in D:\FERLY\2025\PUPR\satria\vendor\codeigniter4\framework\system\Database\MySQLi\Connection.php:185
Stack trace:
#0 D:\FERLY\2025\PUPR\satria\vendor\codeigniter4\framework\system\Database\MySQLi\Connection.php(185): mysqli->real_connect('localhost', 'root', '', 'satria', 3306, '', 0)
#1 D:\FERLY\2025\PUPR\satria\vendor\codeigniter4\framework\system\Database\BaseConnection.php(392): CodeIgniter\Database\MySQLi\Connection->connect(false)
#2 D:\FERLY\2025\PUPR\satria\vendor\codeigniter4\framework\system\Database\BaseConnection.php(575): CodeIgniter\Database\BaseConnection->initialize()
#3 D:\FERLY\2025\PUPR\satria\vendor\codeigniter4\framework\system\Database\BaseBuilder.php(1616): CodeIgniter\Database\BaseConnection->query('SELECT *\nFROM `...', Array, false)
#4 D:\FERLY\2025\PUPR\satria\vendor\codeigniter4\framework\system\Model.php(271): CodeIgniter\Database\BaseBuilder->get()
#5 D:\FERLY\2025\PUPR\satria\vendor\codeigniter4\framework\system\BaseModel.php(679): CodeIgniter\Model->doFirst()
#6 D:\FERLY\2025\PUPR\satria\app\Models\UserModel.php(24): CodeIgniter\BaseModel->first()
#7 D:\FERLY\2025\PUPR\satria\app\Libraries\AuthLibrary.php(36): App\Models\UserModel->findByEmailOrUsername('admin')
#8 D:\FERLY\2025\PUPR\satria\app\Controllers\AuthController.php(32): App\Libraries\AuthLibrary->login('admin', '@Super#25')
#9 D:\FERLY\2025\PUPR\satria\vendor\codeigniter4\framework\system\CodeIgniter.php(943): App\Controllers\AuthController->attemptLogin()
#10 D:\FERLY\2025\PUPR\satria\vendor\codeigniter4\framework\system\CodeIgniter.php(503): CodeIgniter\CodeIgniter->runController(Object(App\Controllers\AuthController))
#11 D:\FERLY\2025\PUPR\satria\vendor\codeigniter4\framework\system\CodeIgniter.php(361): CodeIgniter\CodeIgniter->handleRequest(NULL, Object(Config\Cache), false)
#12 D:\FERLY\2025\PUPR\satria\public\index.php(79): CodeIgniter\CodeIgniter->run()
#13 D:\FERLY\2025\PUPR\satria\vendor\codeigniter4\framework\system\Commands\Server\rewrite.php(47): require_once('D:\\FERLY\\2025\\P...')
#14 {main}

Next CodeIgniter\Database\Exceptions\DatabaseException: MySQL server has gone away in D:\FERLY\2025\PUPR\satria\vendor\codeigniter4\framework\system\Database\MySQLi\Connection.php:229
Stack trace:
#0 D:\FERLY\2025\PUPR\satria\vendor\codeigniter4\framework\system\Database\BaseConnection.php(392): CodeIgniter\Database\MySQLi\Connection->connect(false)
#1 D:\FERLY\2025\PUPR\satria\vendor\codeigniter4\framework\system\Database\BaseConnection.php(575): CodeIgniter\Database\BaseConnection->initialize()
#2 D:\FERLY\2025\PUPR\satria\vendor\codeigniter4\framework\system\Database\BaseBuilder.php(1616): CodeIgniter\Database\BaseConnection->query('SELECT *\nFROM `...', Array, false)
#3 D:\FERLY\2025\PUPR\satria\vendor\codeigniter4\framework\system\Model.php(271): CodeIgniter\Database\BaseBuilder->get()
#4 D:\FERLY\2025\PUPR\satria\vendor\codeigniter4\framework\system\BaseModel.php(679): CodeIgniter\Model->doFirst()
#5 D:\FERLY\2025\PUPR\satria\app\Models\UserModel.php(24): CodeIgniter\BaseModel->first()
#6 D:\FERLY\2025\PUPR\satria\app\Libraries\AuthLibrary.php(36): App\Models\UserModel->findByEmailOrUsername('admin')
#7 D:\FERLY\2025\PUPR\satria\app\Controllers\AuthController.php(32): App\Libraries\AuthLibrary->login('admin', '@Super#25')
#8 D:\FERLY\2025\PUPR\satria\vendor\codeigniter4\framework\system\CodeIgniter.php(943): App\Controllers\AuthController->attemptLogin()
#9 D:\FERLY\2025\PUPR\satria\vendor\codeigniter4\framework\system\CodeIgniter.php(503): CodeIgniter\CodeIgniter->runController(Object(App\Controllers\AuthController))
#10 D:\FERLY\2025\PUPR\satria\vendor\codeigniter4\framework\system\CodeIgniter.php(361): CodeIgniter\CodeIgniter->handleRequest(NULL, Object(Config\Cache), false)
#11 D:\FERLY\2025\PUPR\satria\public\index.php(79): CodeIgniter\CodeIgniter->run()
#12 D:\FERLY\2025\PUPR\satria\vendor\codeigniter4\framework\system\Commands\Server\rewrite.php(47): require_once('D:\\FERLY\\2025\\P...')
#13 {main}
CRITICAL - 2025-11-29 08:40:17 --> CodeIgniter\Database\Exceptions\DatabaseException: Unable to connect to the database.
Main connection [MySQLi]: MySQL server has gone away
in SYSTEMPATH\Database\BaseConnection.php on line 428.
 1 SYSTEMPATH\Database\BaseConnection.php(575): CodeIgniter\Database\BaseConnection->initialize()
 2 SYSTEMPATH\Database\BaseBuilder.php(1616): CodeIgniter\Database\BaseConnection->query('SELECT *
FROM `users`
WHERE `username` = :username:
 LIMIT 1', [...], false)
 3 SYSTEMPATH\Model.php(271): CodeIgniter\Database\BaseBuilder->get()
 4 SYSTEMPATH\BaseModel.php(679): CodeIgniter\Model->doFirst()
 5 APPPATH\Models\UserModel.php(24): CodeIgniter\BaseModel->first()
 6 APPPATH\Libraries\AuthLibrary.php(36): App\Models\UserModel->findByEmailOrUsername('admin')
 7 APPPATH\Controllers\AuthController.php(32): App\Libraries\AuthLibrary->login('admin', '@Super#25')
 8 SYSTEMPATH\CodeIgniter.php(943): App\Controllers\AuthController->attemptLogin()
 9 SYSTEMPATH\CodeIgniter.php(503): CodeIgniter\CodeIgniter->runController(Object(App\Controllers\AuthController))
10 SYSTEMPATH\CodeIgniter.php(361): CodeIgniter\CodeIgniter->handleRequest(null, Object(Config\Cache), false)
11 FCPATH\index.php(79): CodeIgniter\CodeIgniter->run()
12 SYSTEMPATH\Commands\Server\rewrite.php(47): require_once('D:\\FERLY\\2025\\PUPR\\satria\\public\\index.php')
INFO - 2025-11-29 08:40:18 --> Session: Class initialized using 'CodeIgniter\Session\Handlers\FileHandler' driver.
ERROR - 2025-11-29 08:40:22 --> Error connecting to the database: mysqli_sql_exception: No connection could be made because the target machine actively refused it in D:\FERLY\2025\PUPR\satria\vendor\codeigniter4\framework\system\Database\MySQLi\Connection.php:185
Stack trace:
#0 D:\FERLY\2025\PUPR\satria\vendor\codeigniter4\framework\system\Database\MySQLi\Connection.php(185): mysqli->real_connect('localhost', 'root', '', 'satria', 3306, '', 0)
#1 D:\FERLY\2025\PUPR\satria\vendor\codeigniter4\framework\system\Database\BaseConnection.php(392): CodeIgniter\Database\MySQLi\Connection->connect(false)
#2 D:\FERLY\2025\PUPR\satria\vendor\codeigniter4\framework\system\Database\BaseConnection.php(575): CodeIgniter\Database\BaseConnection->initialize()
#3 D:\FERLY\2025\PUPR\satria\vendor\codeigniter4\framework\system\Database\BaseBuilder.php(1616): CodeIgniter\Database\BaseConnection->query('SELECT *\nFROM `...', Array, false)
#4 D:\FERLY\2025\PUPR\satria\vendor\codeigniter4\framework\system\Model.php(271): CodeIgniter\Database\BaseBuilder->get()
#5 D:\FERLY\2025\PUPR\satria\vendor\codeigniter4\framework\system\BaseModel.php(679): CodeIgniter\Model->doFirst()
#6 D:\FERLY\2025\PUPR\satria\app\Models\UserModel.php(24): CodeIgniter\BaseModel->first()
#7 D:\FERLY\2025\PUPR\satria\app\Libraries\AuthLibrary.php(36): App\Models\UserModel->findByEmailOrUsername('admin')
#8 D:\FERLY\2025\PUPR\satria\app\Controllers\AuthController.php(32): App\Libraries\AuthLibrary->login('admin', '@Super#25')
#9 D:\FERLY\2025\PUPR\satria\vendor\codeigniter4\framework\system\CodeIgniter.php(943): App\Controllers\AuthController->attemptLogin()
#10 D:\FERLY\2025\PUPR\satria\vendor\codeigniter4\framework\system\CodeIgniter.php(503): CodeIgniter\CodeIgniter->runController(Object(App\Controllers\AuthController))
#11 D:\FERLY\2025\PUPR\satria\vendor\codeigniter4\framework\system\CodeIgniter.php(361): CodeIgniter\CodeIgniter->handleRequest(NULL, Object(Config\Cache), false)
#12 D:\FERLY\2025\PUPR\satria\public\index.php(79): CodeIgniter\CodeIgniter->run()
#13 D:\FERLY\2025\PUPR\satria\vendor\codeigniter4\framework\system\Commands\Server\rewrite.php(47): require_once('D:\\FERLY\\2025\\P...')
#14 {main}

Next CodeIgniter\Database\Exceptions\DatabaseException: No connection could be made because the target machine actively refused it in D:\FERLY\2025\PUPR\satria\vendor\codeigniter4\framework\system\Database\MySQLi\Connection.php:229
Stack trace:
#0 D:\FERLY\2025\PUPR\satria\vendor\codeigniter4\framework\system\Database\BaseConnection.php(392): CodeIgniter\Database\MySQLi\Connection->connect(false)
#1 D:\FERLY\2025\PUPR\satria\vendor\codeigniter4\framework\system\Database\BaseConnection.php(575): CodeIgniter\Database\BaseConnection->initialize()
#2 D:\FERLY\2025\PUPR\satria\vendor\codeigniter4\framework\system\Database\BaseBuilder.php(1616): CodeIgniter\Database\BaseConnection->query('SELECT *\nFROM `...', Array, false)
#3 D:\FERLY\2025\PUPR\satria\vendor\codeigniter4\framework\system\Model.php(271): CodeIgniter\Database\BaseBuilder->get()
#4 D:\FERLY\2025\PUPR\satria\vendor\codeigniter4\framework\system\BaseModel.php(679): CodeIgniter\Model->doFirst()
#5 D:\FERLY\2025\PUPR\satria\app\Models\UserModel.php(24): CodeIgniter\BaseModel->first()
#6 D:\FERLY\2025\PUPR\satria\app\Libraries\AuthLibrary.php(36): App\Models\UserModel->findByEmailOrUsername('admin')
#7 D:\FERLY\2025\PUPR\satria\app\Controllers\AuthController.php(32): App\Libraries\AuthLibrary->login('admin', '@Super#25')
#8 D:\FERLY\2025\PUPR\satria\vendor\codeigniter4\framework\system\CodeIgniter.php(943): App\Controllers\AuthController->attemptLogin()
#9 D:\FERLY\2025\PUPR\satria\vendor\codeigniter4\framework\system\CodeIgniter.php(503): CodeIgniter\CodeIgniter->runController(Object(App\Controllers\AuthController))
#10 D:\FERLY\2025\PUPR\satria\vendor\codeigniter4\framework\system\CodeIgniter.php(361): CodeIgniter\CodeIgniter->handleRequest(NULL, Object(Config\Cache), false)
#11 D:\FERLY\2025\PUPR\satria\public\index.php(79): CodeIgniter\CodeIgniter->run()
#12 D:\FERLY\2025\PUPR\satria\vendor\codeigniter4\framework\system\Commands\Server\rewrite.php(47): require_once('D:\\FERLY\\2025\\P...')
#13 {main}
CRITICAL - 2025-11-29 08:40:22 --> CodeIgniter\Database\Exceptions\DatabaseException: Unable to connect to the database.
Main connection [MySQLi]: No connection could be made because the target machine actively refused it
in SYSTEMPATH\Database\BaseConnection.php on line 428.
 1 SYSTEMPATH\Database\BaseConnection.php(575): CodeIgniter\Database\BaseConnection->initialize()
 2 SYSTEMPATH\Database\BaseBuilder.php(1616): CodeIgniter\Database\BaseConnection->query('SELECT *
FROM `users`
WHERE `username` = :username:
 LIMIT 1', [...], false)
 3 SYSTEMPATH\Model.php(271): CodeIgniter\Database\BaseBuilder->get()
 4 SYSTEMPATH\BaseModel.php(679): CodeIgniter\Model->doFirst()
 5 APPPATH\Models\UserModel.php(24): CodeIgniter\BaseModel->first()
 6 APPPATH\Libraries\AuthLibrary.php(36): App\Models\UserModel->findByEmailOrUsername('admin')
 7 APPPATH\Controllers\AuthController.php(32): App\Libraries\AuthLibrary->login('admin', '@Super#25')
 8 SYSTEMPATH\CodeIgniter.php(943): App\Controllers\AuthController->attemptLogin()
 9 SYSTEMPATH\CodeIgniter.php(503): CodeIgniter\CodeIgniter->runController(Object(App\Controllers\AuthController))
10 SYSTEMPATH\CodeIgniter.php(361): CodeIgniter\CodeIgniter->handleRequest(null, Object(Config\Cache), false)
11 FCPATH\index.php(79): CodeIgniter\CodeIgniter->run()
12 SYSTEMPATH\Commands\Server\rewrite.php(47): require_once('D:\\FERLY\\2025\\PUPR\\satria\\public\\index.php')
INFO - 2025-11-29 08:40:25 --> Session: Class initialized using 'CodeIgniter\Session\Handlers\FileHandler' driver.
INFO - 2025-11-29 08:40:25 --> Session: Class initialized using 'CodeIgniter\Session\Handlers\FileHandler' driver.
INFO - 2025-11-29 08:40:56 --> Session: Class initialized using 'CodeIgniter\Session\Handlers\FileHandler' driver.
INFO - 2025-11-29 08:40:57 --> Session: Class initialized using 'CodeIgniter\Session\Handlers\FileHandler' driver.
INFO - 2025-11-29 08:41:52 --> Session: Class initialized using 'CodeIgniter\Session\Handlers\FileHandler' driver.
INFO - 2025-11-29 08:41:54 --> Session: Class initialized using 'CodeIgniter\Session\Handlers\FileHandler' driver.
INFO - 2025-11-29 08:41:55 --> Session: Class initialized using 'CodeIgniter\Session\Handlers\FileHandler' driver.
