WARNING - 2026-04-30 02:54:02 --> [DEPRECATED] Kint\Parser\Parser::__construct(): Implicitly marking parameter $caller as nullable is deprecated, the explicit nullable type must be used instead in SYSTEMPATH\ThirdParty\Kint\Parser\Parser.php on line 75.
 1 SYSTEMPATH\CodeIgniter.php(289): require_once('C:\\vell\\sat\\SATRIA-UPLOADED\\vendor\\codeigniter4\\framework\\system\\Debug\\Exceptions.php')
 2 SYSTEMPATH\ThirdParty\Kint\Kint.php(345): CodeIgniter\CodeIgniter->{closure:CodeIgniter\CodeIgniter::autoloadKint():279}([...])
 3 SYSTEMPATH\ThirdParty\Kint\Kint.php(560): Kint\Kint::createFromStatics([...])
 4 SYSTEMPATH\Debug\Toolbar.php(401): Kint\Kint::dump('')
 5 SYSTEMPATH\Filters\DebugToolbar.php(42): CodeIgniter\Debug\Toolbar->prepare(Object(CodeIgniter\HTTP\IncomingRequest), Object(CodeIgniter\HTTP\Response))
 6 SYSTEMPATH\Filters\Filters.php(208): CodeIgniter\Filters\DebugToolbar->after(Object(CodeIgniter\HTTP\IncomingRequest), Object(CodeIgniter\HTTP\Response), null)
 7 SYSTEMPATH\CodeIgniter.php(523): CodeIgniter\Filters\Filters->run('', 'after')
 8 SYSTEMPATH\CodeIgniter.php(361): CodeIgniter\CodeIgniter->handleRequest(null, Object(Config\Cache), false)
 9 FCPATH\index.php(79): CodeIgniter\CodeIgniter->run()
10 SYSTEMPATH\Commands\Server\rewrite.php(47): require_once('C:\\vell\\sat\\SATRIA-UPLOADED\\public\\index.php')
WARNING - 2026-04-30 02:54:02 --> [DEPRECATED] Kint\Parser\Parser::setCallerClass(): Implicitly marking parameter $caller as nullable is deprecated, the explicit nullable type must be used instead in SYSTEMPATH\ThirdParty\Kint\Parser\Parser.php on line 86.
 1 SYSTEMPATH\CodeIgniter.php(289): require_once('C:\\vell\\sat\\SATRIA-UPLOADED\\vendor\\codeigniter4\\framework\\system\\Debug\\Exceptions.php')
 2 SYSTEMPATH\ThirdParty\Kint\Kint.php(345): CodeIgniter\CodeIgniter->{closure:CodeIgniter\CodeIgniter::autoloadKint():279}([...])
 3 SYSTEMPATH\ThirdParty\Kint\Kint.php(560): Kint\Kint::createFromStatics([...])
 4 SYSTEMPATH\Debug\Toolbar.php(401): Kint\Kint::dump('')
 5 SYSTEMPATH\Filters\DebugToolbar.php(42): CodeIgniter\Debug\Toolbar->prepare(Object(CodeIgniter\HTTP\IncomingRequest), Object(CodeIgniter\HTTP\Response))
 6 SYSTEMPATH\Filters\Filters.php(208): CodeIgniter\Filters\DebugToolbar->after(Object(CodeIgniter\HTTP\IncomingRequest), Object(CodeIgniter\HTTP\Response), null)
 7 SYSTEMPATH\CodeIgniter.php(523): CodeIgniter\Filters\Filters->run('', 'after')
 8 SYSTEMPATH\CodeIgniter.php(361): CodeIgniter\CodeIgniter->handleRequest(null, Object(Config\Cache), false)
 9 FCPATH\index.php(79): CodeIgniter\CodeIgniter->run()
10 SYSTEMPATH\Commands\Server\rewrite.php(47): require_once('C:\\vell\\sat\\SATRIA-UPLOADED\\public\\index.php')
WARNING - 2026-04-30 02:54:03 --> [DEPRECATED] Kint\Zval\Value::addRepresentation(): Implicitly marking parameter $pos as nullable is deprecated, the explicit nullable type must be used instead in SYSTEMPATH\ThirdParty\Kint\Zval\Value.php on line 65.
 1 SYSTEMPATH\CodeIgniter.php(289): require_once('C:\\vell\\sat\\SATRIA-UPLOADED\\vendor\\codeigniter4\\framework\\system\\Debug\\Exceptions.php')
 2 SYSTEMPATH\ThirdParty\Kint\Kint.php(398): CodeIgniter\CodeIgniter->{closure:CodeIgniter\CodeIgniter::autoloadKint():279}([...])
 3 SYSTEMPATH\ThirdParty\Kint\Kint.php(574): Kint\Kint::getBasesFromParamInfo([...], 1)
 4 SYSTEMPATH\Debug\Toolbar.php(401): Kint\Kint::dump('')
 5 SYSTEMPATH\Filters\DebugToolbar.php(42): CodeIgniter\Debug\Toolbar->prepare(Object(CodeIgniter\HTTP\IncomingRequest), Object(CodeIgniter\HTTP\Response))
 6 SYSTEMPATH\Filters\Filters.php(208): CodeIgniter\Filters\DebugToolbar->after(Object(CodeIgniter\HTTP\IncomingRequest), Object(CodeIgniter\HTTP\Response), null)
 7 SYSTEMPATH\CodeIgniter.php(523): CodeIgniter\Filters\Filters->run('', 'after')
 8 SYSTEMPATH\CodeIgniter.php(361): CodeIgniter\CodeIgniter->handleRequest(null, Object(Config\Cache), false)
 9 FCPATH\index.php(79): CodeIgniter\CodeIgniter->run()
10 SYSTEMPATH\Commands\Server\rewrite.php(47): require_once('C:\\vell\\sat\\SATRIA-UPLOADED\\public\\index.php')
WARNING - 2026-04-30 02:54:03 --> [DEPRECATED] Kint\Zval\Value::replaceRepresentation(): Implicitly marking parameter $pos as nullable is deprecated, the explicit nullable type must be used instead in SYSTEMPATH\ThirdParty\Kint\Zval\Value.php on line 84.
 1 SYSTEMPATH\CodeIgniter.php(289): require_once('C:\\vell\\sat\\SATRIA-UPLOADED\\vendor\\codeigniter4\\framework\\system\\Debug\\Exceptions.php')
 2 SYSTEMPATH\ThirdParty\Kint\Kint.php(398): CodeIgniter\CodeIgniter->{closure:CodeIgniter\CodeIgniter::autoloadKint():279}([...])
 3 SYSTEMPATH\ThirdParty\Kint\Kint.php(574): Kint\Kint::getBasesFromParamInfo([...], 1)
 4 SYSTEMPATH\Debug\Toolbar.php(401): Kint\Kint::dump('')
 5 SYSTEMPATH\Filters\DebugToolbar.php(42): CodeIgniter\Debug\Toolbar->prepare(Object(CodeIgniter\HTTP\IncomingRequest), Object(CodeIgniter\HTTP\Response))
 6 SYSTEMPATH\Filters\Filters.php(208): CodeIgniter\Filters\DebugToolbar->after(Object(CodeIgniter\HTTP\IncomingRequest), Object(CodeIgniter\HTTP\Response), null)
 7 SYSTEMPATH\CodeIgniter.php(523): CodeIgniter\Filters\Filters->run('', 'after')
 8 SYSTEMPATH\CodeIgniter.php(361): CodeIgniter\CodeIgniter->handleRequest(null, Object(Config\Cache), false)
 9 FCPATH\index.php(79): CodeIgniter\CodeIgniter->run()
10 SYSTEMPATH\Commands\Server\rewrite.php(47): require_once('C:\\vell\\sat\\SATRIA-UPLOADED\\public\\index.php')
WARNING - 2026-04-30 02:54:03 --> [DEPRECATED] Kint\Zval\Value::blank(): Implicitly marking parameter $name as nullable is deprecated, the explicit nullable type must be used instead in SYSTEMPATH\ThirdParty\Kint\Zval\Value.php on line 237.
 1 SYSTEMPATH\CodeIgniter.php(289): require_once('C:\\vell\\sat\\SATRIA-UPLOADED\\vendor\\codeigniter4\\framework\\system\\Debug\\Exceptions.php')
 2 SYSTEMPATH\ThirdParty\Kint\Kint.php(398): CodeIgniter\CodeIgniter->{closure:CodeIgniter\CodeIgniter::autoloadKint():279}([...])
 3 SYSTEMPATH\ThirdParty\Kint\Kint.php(574): Kint\Kint::getBasesFromParamInfo([...], 1)
 4 SYSTEMPATH\Debug\Toolbar.php(401): Kint\Kint::dump('')
 5 SYSTEMPATH\Filters\DebugToolbar.php(42): CodeIgniter\Debug\Toolbar->prepare(Object(CodeIgniter\HTTP\IncomingRequest), Object(CodeIgniter\HTTP\Response))
 6 SYSTEMPATH\Filters\Filters.php(208): CodeIgniter\Filters\DebugToolbar->after(Object(CodeIgniter\HTTP\IncomingRequest), Object(CodeIgniter\HTTP\Response), null)
 7 SYSTEMPATH\CodeIgniter.php(523): CodeIgniter\Filters\Filters->run('', 'after')
 8 SYSTEMPATH\CodeIgniter.php(361): CodeIgniter\CodeIgniter->handleRequest(null, Object(Config\Cache), false)
 9 FCPATH\index.php(79): CodeIgniter\CodeIgniter->run()
10 SYSTEMPATH\Commands\Server\rewrite.php(47): require_once('C:\\vell\\sat\\SATRIA-UPLOADED\\public\\index.php')
WARNING - 2026-04-30 02:54:03 --> [DEPRECATED] Kint\Zval\Value::blank(): Implicitly marking parameter $access_path as nullable is deprecated, the explicit nullable type must be used instead in SYSTEMPATH\ThirdParty\Kint\Zval\Value.php on line 237.
 1 SYSTEMPATH\CodeIgniter.php(289): require_once('C:\\vell\\sat\\SATRIA-UPLOADED\\vendor\\codeigniter4\\framework\\system\\Debug\\Exceptions.php')
 2 SYSTEMPATH\ThirdParty\Kint\Kint.php(398): CodeIgniter\CodeIgniter->{closure:CodeIgniter\CodeIgniter::autoloadKint():279}([...])
 3 SYSTEMPATH\ThirdParty\Kint\Kint.php(574): Kint\Kint::getBasesFromParamInfo([...], 1)
 4 SYSTEMPATH\Debug\Toolbar.php(401): Kint\Kint::dump('')
 5 SYSTEMPATH\Filters\DebugToolbar.php(42): CodeIgniter\Debug\Toolbar->prepare(Object(CodeIgniter\HTTP\IncomingRequest), Object(CodeIgniter\HTTP\Response))
 6 SYSTEMPATH\Filters\Filters.php(208): CodeIgniter\Filters\DebugToolbar->after(Object(CodeIgniter\HTTP\IncomingRequest), Object(CodeIgniter\HTTP\Response), null)
 7 SYSTEMPATH\CodeIgniter.php(523): CodeIgniter\Filters\Filters->run('', 'after')
 8 SYSTEMPATH\CodeIgniter.php(361): CodeIgniter\CodeIgniter->handleRequest(null, Object(Config\Cache), false)
 9 FCPATH\index.php(79): CodeIgniter\CodeIgniter->run()
10 SYSTEMPATH\Commands\Server\rewrite.php(47): require_once('C:\\vell\\sat\\SATRIA-UPLOADED\\public\\index.php')
WARNING - 2026-04-30 02:54:03 --> [DEPRECATED] Kint\Zval\BlobValue::substr(): Implicitly marking parameter $length as nullable is deprecated, the explicit nullable type must be used instead in SYSTEMPATH\ThirdParty\Kint\Zval\BlobValue.php on line 144.
 1 SYSTEMPATH\CodeIgniter.php(289): require_once('C:\\vell\\sat\\SATRIA-UPLOADED\\vendor\\codeigniter4\\framework\\system\\Debug\\Exceptions.php')
 2 SYSTEMPATH\ThirdParty\Kint\Parser\Parser.php(285): CodeIgniter\CodeIgniter->{closure:CodeIgniter\CodeIgniter::autoloadKint():279}([...])
 3 SYSTEMPATH\ThirdParty\Kint\Parser\Parser.php(142): Kint\Parser\Parser->parseString('', Object(Kint\Zval\Value))
 4 SYSTEMPATH\ThirdParty\Kint\Kint.php(285): Kint\Parser\Parser->parse('', Object(Kint\Zval\Value))
 5 SYSTEMPATH\ThirdParty\Kint\Kint.php(268): Kint\Kint->dumpVar('', Object(Kint\Zval\Value))
 6 SYSTEMPATH\ThirdParty\Kint\Kint.php(575): Kint\Kint->dumpAll([...], [...])
 7 SYSTEMPATH\Debug\Toolbar.php(401): Kint\Kint::dump('')
 8 SYSTEMPATH\Filters\DebugToolbar.php(42): CodeIgniter\Debug\Toolbar->prepare(Object(CodeIgniter\HTTP\IncomingRequest), Object(CodeIgniter\HTTP\Response))
 9 SYSTEMPATH\Filters\Filters.php(208): CodeIgniter\Filters\DebugToolbar->after(Object(CodeIgniter\HTTP\IncomingRequest), Object(CodeIgniter\HTTP\Response), null)
10 SYSTEMPATH\CodeIgniter.php(523): CodeIgniter\Filters\Filters->run('', 'after')
11 SYSTEMPATH\CodeIgniter.php(361): CodeIgniter\CodeIgniter->handleRequest(null, Object(Config\Cache), false)
12 FCPATH\index.php(79): CodeIgniter\CodeIgniter->run()
13 SYSTEMPATH\Commands\Server\rewrite.php(47): require_once('C:\\vell\\sat\\SATRIA-UPLOADED\\public\\index.php')
WARNING - 2026-04-30 02:54:04 --> [DEPRECATED] Kint\Zval\Representation\Representation::__construct(): Implicitly marking parameter $name as nullable is deprecated, the explicit nullable type must be used instead in SYSTEMPATH\ThirdParty\Kint\Zval\Representation\Representation.php on line 39.
 1 SYSTEMPATH\CodeIgniter.php(289): require_once('C:\\vell\\sat\\SATRIA-UPLOADED\\vendor\\codeigniter4\\framework\\system\\Debug\\Exceptions.php')
 2 SYSTEMPATH\ThirdParty\Kint\Parser\Parser.php(290): CodeIgniter\CodeIgniter->{closure:CodeIgniter\CodeIgniter::autoloadKint():279}([...])
 3 SYSTEMPATH\ThirdParty\Kint\Parser\Parser.php(142): Kint\Parser\Parser->parseString('', Object(Kint\Zval\Value))
 4 SYSTEMPATH\ThirdParty\Kint\Kint.php(285): Kint\Parser\Parser->parse('', Object(Kint\Zval\Value))
 5 SYSTEMPATH\ThirdParty\Kint\Kint.php(268): Kint\Kint->dumpVar('', Object(Kint\Zval\Value))
 6 SYSTEMPATH\ThirdParty\Kint\Kint.php(575): Kint\Kint->dumpAll([...], [...])
 7 SYSTEMPATH\Debug\Toolbar.php(401): Kint\Kint::dump('')
 8 SYSTEMPATH\Filters\DebugToolbar.php(42): CodeIgniter\Debug\Toolbar->prepare(Object(CodeIgniter\HTTP\IncomingRequest), Object(CodeIgniter\HTTP\Response))
 9 SYSTEMPATH\Filters\Filters.php(208): CodeIgniter\Filters\DebugToolbar->after(Object(CodeIgniter\HTTP\IncomingRequest), Object(CodeIgniter\HTTP\Response), null)
10 SYSTEMPATH\CodeIgniter.php(523): CodeIgniter\Filters\Filters->run('', 'after')
11 SYSTEMPATH\CodeIgniter.php(361): CodeIgniter\CodeIgniter->handleRequest(null, Object(Config\Cache), false)
12 FCPATH\index.php(79): CodeIgniter\CodeIgniter->run()
13 SYSTEMPATH\Commands\Server\rewrite.php(47): require_once('C:\\vell\\sat\\SATRIA-UPLOADED\\public\\index.php')
WARNING - 2026-04-30 02:54:04 --> [DEPRECATED] Kint\Zval\Representation\ColorRepresentation::getColor(): Implicitly marking parameter $variant as nullable is deprecated, the explicit nullable type must be used instead in SYSTEMPATH\ThirdParty\Kint\Zval\Representation\ColorRepresentation.php on line 214.
 1 SYSTEMPATH\CodeIgniter.php(289): require_once('C:\\vell\\sat\\SATRIA-UPLOADED\\vendor\\codeigniter4\\framework\\system\\Debug\\Exceptions.php')
 2 SYSTEMPATH\ThirdParty\Kint\Parser\ColorPlugin.php(53): CodeIgniter\CodeIgniter->{closure:CodeIgniter\CodeIgniter::autoloadKint():279}([...])
 3 SYSTEMPATH\ThirdParty\Kint\Parser\Parser.php(636): Kint\Parser\ColorPlugin->parse('', Object(Kint\Zval\BlobValue), 2)
 4 SYSTEMPATH\ThirdParty\Kint\Parser\Parser.php(297): Kint\Parser\Parser->applyPlugins('', Object(Kint\Zval\BlobValue), 2)
 5 SYSTEMPATH\ThirdParty\Kint\Parser\Parser.php(142): Kint\Parser\Parser->parseString('', Object(Kint\Zval\Value))
 6 SYSTEMPATH\ThirdParty\Kint\Kint.php(285): Kint\Parser\Parser->parse('', Object(Kint\Zval\Value))
 7 SYSTEMPATH\ThirdParty\Kint\Kint.php(268): Kint\Kint->dumpVar('', Object(Kint\Zval\Value))
 8 SYSTEMPATH\ThirdParty\Kint\Kint.php(575): Kint\Kint->dumpAll([...], [...])
 9 SYSTEMPATH\Debug\Toolbar.php(401): Kint\Kint::dump('')
10 SYSTEMPATH\Filters\DebugToolbar.php(42): CodeIgniter\Debug\Toolbar->prepare(Object(CodeIgniter\HTTP\IncomingRequest), Object(CodeIgniter\HTTP\Response))
11 SYSTEMPATH\Filters\Filters.php(208): CodeIgniter\Filters\DebugToolbar->after(Object(CodeIgniter\HTTP\IncomingRequest), Object(CodeIgniter\HTTP\Response), null)
12 SYSTEMPATH\CodeIgniter.php(523): CodeIgniter\Filters\Filters->run('', 'after')
13 SYSTEMPATH\CodeIgniter.php(361): CodeIgniter\CodeIgniter->handleRequest(null, Object(Config\Cache), false)
14 FCPATH\index.php(79): CodeIgniter\CodeIgniter->run()
15 SYSTEMPATH\Commands\Server\rewrite.php(47): require_once('C:\\vell\\sat\\SATRIA-UPLOADED\\public\\index.php')
WARNING - 2026-04-30 02:54:04 --> [DEPRECATED] Kint\Zval\Representation\ColorRepresentation::hasAlpha(): Implicitly marking parameter $variant as nullable is deprecated, the explicit nullable type must be used instead in SYSTEMPATH\ThirdParty\Kint\Zval\Representation\ColorRepresentation.php on line 278.
 1 SYSTEMPATH\CodeIgniter.php(289): require_once('C:\\vell\\sat\\SATRIA-UPLOADED\\vendor\\codeigniter4\\framework\\system\\Debug\\Exceptions.php')
 2 SYSTEMPATH\ThirdParty\Kint\Parser\ColorPlugin.php(53): CodeIgniter\CodeIgniter->{closure:CodeIgniter\CodeIgniter::autoloadKint():279}([...])
 3 SYSTEMPATH\ThirdParty\Kint\Parser\Parser.php(636): Kint\Parser\ColorPlugin->parse('', Object(Kint\Zval\BlobValue), 2)
 4 SYSTEMPATH\ThirdParty\Kint\Parser\Parser.php(297): Kint\Parser\Parser->applyPlugins('', Object(Kint\Zval\BlobValue), 2)
 5 SYSTEMPATH\ThirdParty\Kint\Parser\Parser.php(142): Kint\Parser\Parser->parseString('', Object(Kint\Zval\Value))
 6 SYSTEMPATH\ThirdParty\Kint\Kint.php(285): Kint\Parser\Parser->parse('', Object(Kint\Zval\Value))
 7 SYSTEMPATH\ThirdParty\Kint\Kint.php(268): Kint\Kint->dumpVar('', Object(Kint\Zval\Value))
 8 SYSTEMPATH\ThirdParty\Kint\Kint.php(575): Kint\Kint->dumpAll([...], [...])
 9 SYSTEMPATH\Debug\Toolbar.php(401): Kint\Kint::dump('')
10 SYSTEMPATH\Filters\DebugToolbar.php(42): CodeIgniter\Debug\Toolbar->prepare(Object(CodeIgniter\HTTP\IncomingRequest), Object(CodeIgniter\HTTP\Response))
11 SYSTEMPATH\Filters\Filters.php(208): CodeIgniter\Filters\DebugToolbar->after(Object(CodeIgniter\HTTP\IncomingRequest), Object(CodeIgniter\HTTP\Response), null)
12 SYSTEMPATH\CodeIgniter.php(523): CodeIgniter\Filters\Filters->run('', 'after')
13 SYSTEMPATH\CodeIgniter.php(361): CodeIgniter\CodeIgniter->handleRequest(null, Object(Config\Cache), false)
14 FCPATH\index.php(79): CodeIgniter\CodeIgniter->run()
15 SYSTEMPATH\Commands\Server\rewrite.php(47): require_once('C:\\vell\\sat\\SATRIA-UPLOADED\\public\\index.php')
