WARNING - 2026-04-29 00:11:10 --> [DEPRECATED] Kint\Parser\Parser::__construct(): Implicitly marking parameter $caller as nullable is deprecated, the explicit nullable type must be used instead in SYSTEMPATH\ThirdParty\Kint\Parser\Parser.php on line 75.
 1 SYSTEMPATH\CodeIgniter.php(289): require_once('C:\\vell\\sat\\SATRIA-UPLOADED\\vendor\\codeigniter4\\framework\\system\\Debug\\Exceptions.php')
 2 SYSTEMPATH\ThirdParty\Kint\Kint.php(345): CodeIgniter\CodeIgniter->{closure:CodeIgniter\CodeIgniter::autoloadKint():279}([...])
 3 SYSTEMPATH\ThirdParty\Kint\Kint.php(560): Kint\Kint::createFromStatics([...])
 4 SYSTEMPATH\Debug\Toolbar.php(401): Kint\Kint::dump('')
 5 SYSTEMPATH\Filters\DebugToolbar.php(42): CodeIgniter\Debug\Toolbar->prepare(Object(CodeIgniter\HTTP\IncomingRequest), Object(CodeIgniter\HTTP\Response))
 6 SYSTEMPATH\Filters\Filters.php(208): CodeIgniter\Filters\DebugToolbar->after(Object(CodeIgniter\HTTP\IncomingRequest), Object(CodeIgniter\HTTP\Response), null)
 7 SYSTEMPATH\CodeIgniter.php(523): CodeIgniter\Filters\Filters->run('', 'after')
 8 SYSTEMPATH\CodeIgniter.php(361): CodeIgniter\CodeIgniter->handleRequest(null, Object(Config\Cache), false)
 9 FCPATH\index.php(79): CodeIgniter\CodeIgniter->run()
10 SYSTEMPATH\Commands\Server\rewrite.php(47): require_once('C:\\vell\\sat\\SATRIA-UPLOADED\\public\\index.php')
WARNING - 2026-04-29 00:11:10 --> [DEPRECATED] Kint\Parser\Parser::setCallerClass(): Implicitly marking parameter $caller as nullable is deprecated, the explicit nullable type must be used instead in SYSTEMPATH\ThirdParty\Kint\Parser\Parser.php on line 86.
 1 SYSTEMPATH\CodeIgniter.php(289): require_once('C:\\vell\\sat\\SATRIA-UPLOADED\\vendor\\codeigniter4\\framework\\system\\Debug\\Exceptions.php')
 2 SYSTEMPATH\ThirdParty\Kint\Kint.php(345): CodeIgniter\CodeIgniter->{closure:CodeIgniter\CodeIgniter::autoloadKint():279}([...])
 3 SYSTEMPATH\ThirdParty\Kint\Kint.php(560): Kint\Kint::createFromStatics([...])
 4 SYSTEMPATH\Debug\Toolbar.php(401): Kint\Kint::dump('')
 5 SYSTEMPATH\Filters\DebugToolbar.php(42): CodeIgniter\Debug\Toolbar->prepare(Object(CodeIgniter\HTTP\IncomingRequest), Object(CodeIgniter\HTTP\Response))
 6 SYSTEMPATH\Filters\Filters.php(208): CodeIgniter\Filters\DebugToolbar->after(Object(CodeIgniter\HTTP\IncomingRequest), Object(CodeIgniter\HTTP\Response), null)
 7 SYSTEMPATH\CodeIgniter.php(523): CodeIgniter\Filters\Filters->run('', 'after')
 8 SYSTEMPATH\CodeIgniter.php(361): CodeIgniter\CodeIgniter->handleRequest(null, Object(Config\Cache), false)
 9 FCPATH\index.php(79): CodeIgniter\CodeIgniter->run()
10 SYSTEMPATH\Commands\Server\rewrite.php(47): require_once('C:\\vell\\sat\\SATRIA-UPLOADED\\public\\index.php')
WARNING - 2026-04-29 00:11:11 --> [DEPRECATED] Kint\Zval\Value::addRepresentation(): Implicitly marking parameter $pos as nullable is deprecated, the explicit nullable type must be used instead in SYSTEMPATH\ThirdParty\Kint\Zval\Value.php on line 65.
 1 SYSTEMPATH\CodeIgniter.php(289): require_once('C:\\vell\\sat\\SATRIA-UPLOADED\\vendor\\codeigniter4\\framework\\system\\Debug\\Exceptions.php')
 2 SYSTEMPATH\ThirdParty\Kint\Kint.php(398): CodeIgniter\CodeIgniter->{closure:CodeIgniter\CodeIgniter::autoloadKint():279}([...])
 3 SYSTEMPATH\ThirdParty\Kint\Kint.php(574): Kint\Kint::getBasesFromParamInfo([...], 1)
 4 SYSTEMPATH\Debug\Toolbar.php(401): Kint\Kint::dump('')
 5 SYSTEMPATH\Filters\DebugToolbar.php(42): CodeIgniter\Debug\Toolbar->prepare(Object(CodeIgniter\HTTP\IncomingRequest), Object(CodeIgniter\HTTP\Response))
 6 SYSTEMPATH\Filters\Filters.php(208): CodeIgniter\Filters\DebugToolbar->after(Object(CodeIgniter\HTTP\IncomingRequest), Object(CodeIgniter\HTTP\Response), null)
 7 SYSTEMPATH\CodeIgniter.php(523): CodeIgniter\Filters\Filters->run('', 'after')
 8 SYSTEMPATH\CodeIgniter.php(361): CodeIgniter\CodeIgniter->handleRequest(null, Object(Config\Cache), false)
 9 FCPATH\index.php(79): CodeIgniter\CodeIgniter->run()
10 SYSTEMPATH\Commands\Server\rewrite.php(47): require_once('C:\\vell\\sat\\SATRIA-UPLOADED\\public\\index.php')
WARNING - 2026-04-29 00:11:11 --> [DEPRECATED] Kint\Zval\Value::replaceRepresentation(): Implicitly marking parameter $pos as nullable is deprecated, the explicit nullable type must be used instead in SYSTEMPATH\ThirdParty\Kint\Zval\Value.php on line 84.
 1 SYSTEMPATH\CodeIgniter.php(289): require_once('C:\\vell\\sat\\SATRIA-UPLOADED\\vendor\\codeigniter4\\framework\\system\\Debug\\Exceptions.php')
 2 SYSTEMPATH\ThirdParty\Kint\Kint.php(398): CodeIgniter\CodeIgniter->{closure:CodeIgniter\CodeIgniter::autoloadKint():279}([...])
 3 SYSTEMPATH\ThirdParty\Kint\Kint.php(574): Kint\Kint::getBasesFromParamInfo([...], 1)
 4 SYSTEMPATH\Debug\Toolbar.php(401): Kint\Kint::dump('')
 5 SYSTEMPATH\Filters\DebugToolbar.php(42): CodeIgniter\Debug\Toolbar->prepare(Object(CodeIgniter\HTTP\IncomingRequest), Object(CodeIgniter\HTTP\Response))
 6 SYSTEMPATH\Filters\Filters.php(208): CodeIgniter\Filters\DebugToolbar->after(Object(CodeIgniter\HTTP\IncomingRequest), Object(CodeIgniter\HTTP\Response), null)
 7 SYSTEMPATH\CodeIgniter.php(523): CodeIgniter\Filters\Filters->run('', 'after')
 8 SYSTEMPATH\CodeIgniter.php(361): CodeIgniter\CodeIgniter->handleRequest(null, Object(Config\Cache), false)
 9 FCPATH\index.php(79): CodeIgniter\CodeIgniter->run()
10 SYSTEMPATH\Commands\Server\rewrite.php(47): require_once('C:\\vell\\sat\\SATRIA-UPLOADED\\public\\index.php')
WARNING - 2026-04-29 00:11:11 --> [DEPRECATED] Kint\Zval\Value::blank(): Implicitly marking parameter $name as nullable is deprecated, the explicit nullable type must be used instead in SYSTEMPATH\ThirdParty\Kint\Zval\Value.php on line 237.
 1 SYSTEMPATH\CodeIgniter.php(289): require_once('C:\\vell\\sat\\SATRIA-UPLOADED\\vendor\\codeigniter4\\framework\\system\\Debug\\Exceptions.php')
 2 SYSTEMPATH\ThirdParty\Kint\Kint.php(398): CodeIgniter\CodeIgniter->{closure:CodeIgniter\CodeIgniter::autoloadKint():279}([...])
 3 SYSTEMPATH\ThirdParty\Kint\Kint.php(574): Kint\Kint::getBasesFromParamInfo([...], 1)
 4 SYSTEMPATH\Debug\Toolbar.php(401): Kint\Kint::dump('')
 5 SYSTEMPATH\Filters\DebugToolbar.php(42): CodeIgniter\Debug\Toolbar->prepare(Object(CodeIgniter\HTTP\IncomingRequest), Object(CodeIgniter\HTTP\Response))
 6 SYSTEMPATH\Filters\Filters.php(208): CodeIgniter\Filters\DebugToolbar->after(Object(CodeIgniter\HTTP\IncomingRequest), Object(CodeIgniter\HTTP\Response), null)
 7 SYSTEMPATH\CodeIgniter.php(523): CodeIgniter\Filters\Filters->run('', 'after')
 8 SYSTEMPATH\CodeIgniter.php(361): CodeIgniter\CodeIgniter->handleRequest(null, Object(Config\Cache), false)
 9 FCPATH\index.php(79): CodeIgniter\CodeIgniter->run()
10 SYSTEMPATH\Commands\Server\rewrite.php(47): require_once('C:\\vell\\sat\\SATRIA-UPLOADED\\public\\index.php')
WARNING - 2026-04-29 00:11:11 --> [DEPRECATED] Kint\Zval\Value::blank(): Implicitly marking parameter $access_path as nullable is deprecated, the explicit nullable type must be used instead in SYSTEMPATH\ThirdParty\Kint\Zval\Value.php on line 237.
 1 SYSTEMPATH\CodeIgniter.php(289): require_once('C:\\vell\\sat\\SATRIA-UPLOADED\\vendor\\codeigniter4\\framework\\system\\Debug\\Exceptions.php')
 2 SYSTEMPATH\ThirdParty\Kint\Kint.php(398): CodeIgniter\CodeIgniter->{closure:CodeIgniter\CodeIgniter::autoloadKint():279}([...])
 3 SYSTEMPATH\ThirdParty\Kint\Kint.php(574): Kint\Kint::getBasesFromParamInfo([...], 1)
 4 SYSTEMPATH\Debug\Toolbar.php(401): Kint\Kint::dump('')
 5 SYSTEMPATH\Filters\DebugToolbar.php(42): CodeIgniter\Debug\Toolbar->prepare(Object(CodeIgniter\HTTP\IncomingRequest), Object(CodeIgniter\HTTP\Response))
 6 SYSTEMPATH\Filters\Filters.php(208): CodeIgniter\Filters\DebugToolbar->after(Object(CodeIgniter\HTTP\IncomingRequest), Object(CodeIgniter\HTTP\Response), null)
 7 SYSTEMPATH\CodeIgniter.php(523): CodeIgniter\Filters\Filters->run('', 'after')
 8 SYSTEMPATH\CodeIgniter.php(361): CodeIgniter\CodeIgniter->handleRequest(null, Object(Config\Cache), false)
 9 FCPATH\index.php(79): CodeIgniter\CodeIgniter->run()
10 SYSTEMPATH\Commands\Server\rewrite.php(47): require_once('C:\\vell\\sat\\SATRIA-UPLOADED\\public\\index.php')
WARNING - 2026-04-29 00:11:12 --> [DEPRECATED] Kint\Zval\BlobValue::substr(): Implicitly marking parameter $length as nullable is deprecated, the explicit nullable type must be used instead in SYSTEMPATH\ThirdParty\Kint\Zval\BlobValue.php on line 144.
 1 SYSTEMPATH\CodeIgniter.php(289): require_once('C:\\vell\\sat\\SATRIA-UPLOADED\\vendor\\codeigniter4\\framework\\system\\Debug\\Exceptions.php')
 2 SYSTEMPATH\ThirdParty\Kint\Parser\Parser.php(285): CodeIgniter\CodeIgniter->{closure:CodeIgniter\CodeIgniter::autoloadKint():279}([...])
 3 SYSTEMPATH\ThirdParty\Kint\Parser\Parser.php(142): Kint\Parser\Parser->parseString('', Object(Kint\Zval\Value))
 4 SYSTEMPATH\ThirdParty\Kint\Kint.php(285): Kint\Parser\Parser->parse('', Object(Kint\Zval\Value))
 5 SYSTEMPATH\ThirdParty\Kint\Kint.php(268): Kint\Kint->dumpVar('', Object(Kint\Zval\Value))
 6 SYSTEMPATH\ThirdParty\Kint\Kint.php(575): Kint\Kint->dumpAll([...], [...])
 7 SYSTEMPATH\Debug\Toolbar.php(401): Kint\Kint::dump('')
 8 SYSTEMPATH\Filters\DebugToolbar.php(42): CodeIgniter\Debug\Toolbar->prepare(Object(CodeIgniter\HTTP\IncomingRequest), Object(CodeIgniter\HTTP\Response))
 9 SYSTEMPATH\Filters\Filters.php(208): CodeIgniter\Filters\DebugToolbar->after(Object(CodeIgniter\HTTP\IncomingRequest), Object(CodeIgniter\HTTP\Response), null)
10 SYSTEMPATH\CodeIgniter.php(523): CodeIgniter\Filters\Filters->run('', 'after')
11 SYSTEMPATH\CodeIgniter.php(361): CodeIgniter\CodeIgniter->handleRequest(null, Object(Config\Cache), false)
12 FCPATH\index.php(79): CodeIgniter\CodeIgniter->run()
13 SYSTEMPATH\Commands\Server\rewrite.php(47): require_once('C:\\vell\\sat\\SATRIA-UPLOADED\\public\\index.php')
WARNING - 2026-04-29 00:11:12 --> [DEPRECATED] Kint\Zval\Representation\Representation::__construct(): Implicitly marking parameter $name as nullable is deprecated, the explicit nullable type must be used instead in SYSTEMPATH\ThirdParty\Kint\Zval\Representation\Representation.php on line 39.
 1 SYSTEMPATH\CodeIgniter.php(289): require_once('C:\\vell\\sat\\SATRIA-UPLOADED\\vendor\\codeigniter4\\framework\\system\\Debug\\Exceptions.php')
 2 SYSTEMPATH\ThirdParty\Kint\Parser\Parser.php(290): CodeIgniter\CodeIgniter->{closure:CodeIgniter\CodeIgniter::autoloadKint():279}([...])
 3 SYSTEMPATH\ThirdParty\Kint\Parser\Parser.php(142): Kint\Parser\Parser->parseString('', Object(Kint\Zval\Value))
 4 SYSTEMPATH\ThirdParty\Kint\Kint.php(285): Kint\Parser\Parser->parse('', Object(Kint\Zval\Value))
 5 SYSTEMPATH\ThirdParty\Kint\Kint.php(268): Kint\Kint->dumpVar('', Object(Kint\Zval\Value))
 6 SYSTEMPATH\ThirdParty\Kint\Kint.php(575): Kint\Kint->dumpAll([...], [...])
 7 SYSTEMPATH\Debug\Toolbar.php(401): Kint\Kint::dump('')
 8 SYSTEMPATH\Filters\DebugToolbar.php(42): CodeIgniter\Debug\Toolbar->prepare(Object(CodeIgniter\HTTP\IncomingRequest), Object(CodeIgniter\HTTP\Response))
 9 SYSTEMPATH\Filters\Filters.php(208): CodeIgniter\Filters\DebugToolbar->after(Object(CodeIgniter\HTTP\IncomingRequest), Object(CodeIgniter\HTTP\Response), null)
10 SYSTEMPATH\CodeIgniter.php(523): CodeIgniter\Filters\Filters->run('', 'after')
11 SYSTEMPATH\CodeIgniter.php(361): CodeIgniter\CodeIgniter->handleRequest(null, Object(Config\Cache), false)
12 FCPATH\index.php(79): CodeIgniter\CodeIgniter->run()
13 SYSTEMPATH\Commands\Server\rewrite.php(47): require_once('C:\\vell\\sat\\SATRIA-UPLOADED\\public\\index.php')
WARNING - 2026-04-29 00:11:12 --> [DEPRECATED] Kint\Zval\Representation\ColorRepresentation::getColor(): Implicitly marking parameter $variant as nullable is deprecated, the explicit nullable type must be used instead in SYSTEMPATH\ThirdParty\Kint\Zval\Representation\ColorRepresentation.php on line 214.
 1 SYSTEMPATH\CodeIgniter.php(289): require_once('C:\\vell\\sat\\SATRIA-UPLOADED\\vendor\\codeigniter4\\framework\\system\\Debug\\Exceptions.php')
 2 SYSTEMPATH\ThirdParty\Kint\Parser\ColorPlugin.php(53): CodeIgniter\CodeIgniter->{closure:CodeIgniter\CodeIgniter::autoloadKint():279}([...])
 3 SYSTEMPATH\ThirdParty\Kint\Parser\Parser.php(636): Kint\Parser\ColorPlugin->parse('', Object(Kint\Zval\BlobValue), 2)
 4 SYSTEMPATH\ThirdParty\Kint\Parser\Parser.php(297): Kint\Parser\Parser->applyPlugins('', Object(Kint\Zval\BlobValue), 2)
 5 SYSTEMPATH\ThirdParty\Kint\Parser\Parser.php(142): Kint\Parser\Parser->parseString('', Object(Kint\Zval\Value))
 6 SYSTEMPATH\ThirdParty\Kint\Kint.php(285): Kint\Parser\Parser->parse('', Object(Kint\Zval\Value))
 7 SYSTEMPATH\ThirdParty\Kint\Kint.php(268): Kint\Kint->dumpVar('', Object(Kint\Zval\Value))
 8 SYSTEMPATH\ThirdParty\Kint\Kint.php(575): Kint\Kint->dumpAll([...], [...])
 9 SYSTEMPATH\Debug\Toolbar.php(401): Kint\Kint::dump('')
10 SYSTEMPATH\Filters\DebugToolbar.php(42): CodeIgniter\Debug\Toolbar->prepare(Object(CodeIgniter\HTTP\IncomingRequest), Object(CodeIgniter\HTTP\Response))
11 SYSTEMPATH\Filters\Filters.php(208): CodeIgniter\Filters\DebugToolbar->after(Object(CodeIgniter\HTTP\IncomingRequest), Object(CodeIgniter\HTTP\Response), null)
12 SYSTEMPATH\CodeIgniter.php(523): CodeIgniter\Filters\Filters->run('', 'after')
13 SYSTEMPATH\CodeIgniter.php(361): CodeIgniter\CodeIgniter->handleRequest(null, Object(Config\Cache), false)
14 FCPATH\index.php(79): CodeIgniter\CodeIgniter->run()
15 SYSTEMPATH\Commands\Server\rewrite.php(47): require_once('C:\\vell\\sat\\SATRIA-UPLOADED\\public\\index.php')
WARNING - 2026-04-29 00:11:12 --> [DEPRECATED] Kint\Zval\Representation\ColorRepresentation::hasAlpha(): Implicitly marking parameter $variant as nullable is deprecated, the explicit nullable type must be used instead in SYSTEMPATH\ThirdParty\Kint\Zval\Representation\ColorRepresentation.php on line 278.
 1 SYSTEMPATH\CodeIgniter.php(289): require_once('C:\\vell\\sat\\SATRIA-UPLOADED\\vendor\\codeigniter4\\framework\\system\\Debug\\Exceptions.php')
 2 SYSTEMPATH\ThirdParty\Kint\Parser\ColorPlugin.php(53): CodeIgniter\CodeIgniter->{closure:CodeIgniter\CodeIgniter::autoloadKint():279}([...])
 3 SYSTEMPATH\ThirdParty\Kint\Parser\Parser.php(636): Kint\Parser\ColorPlugin->parse('', Object(Kint\Zval\BlobValue), 2)
 4 SYSTEMPATH\ThirdParty\Kint\Parser\Parser.php(297): Kint\Parser\Parser->applyPlugins('', Object(Kint\Zval\BlobValue), 2)
 5 SYSTEMPATH\ThirdParty\Kint\Parser\Parser.php(142): Kint\Parser\Parser->parseString('', Object(Kint\Zval\Value))
 6 SYSTEMPATH\ThirdParty\Kint\Kint.php(285): Kint\Parser\Parser->parse('', Object(Kint\Zval\Value))
 7 SYSTEMPATH\ThirdParty\Kint\Kint.php(268): Kint\Kint->dumpVar('', Object(Kint\Zval\Value))
 8 SYSTEMPATH\ThirdParty\Kint\Kint.php(575): Kint\Kint->dumpAll([...], [...])
 9 SYSTEMPATH\Debug\Toolbar.php(401): Kint\Kint::dump('')
10 SYSTEMPATH\Filters\DebugToolbar.php(42): CodeIgniter\Debug\Toolbar->prepare(Object(CodeIgniter\HTTP\IncomingRequest), Object(CodeIgniter\HTTP\Response))
11 SYSTEMPATH\Filters\Filters.php(208): CodeIgniter\Filters\DebugToolbar->after(Object(CodeIgniter\HTTP\IncomingRequest), Object(CodeIgniter\HTTP\Response), null)
12 SYSTEMPATH\CodeIgniter.php(523): CodeIgniter\Filters\Filters->run('', 'after')
13 SYSTEMPATH\CodeIgniter.php(361): CodeIgniter\CodeIgniter->handleRequest(null, Object(Config\Cache), false)
14 FCPATH\index.php(79): CodeIgniter\CodeIgniter->run()
15 SYSTEMPATH\Commands\Server\rewrite.php(47): require_once('C:\\vell\\sat\\SATRIA-UPLOADED\\public\\index.php')
CRITICAL - 2026-04-29 00:11:34 --> Error: Undefined constant "CodeIgniter\Database\MySQLi\MYSQLI_STORE_RESULT"
in SYSTEMPATH\Database\Database.php on line 137.
 1 SYSTEMPATH\Database\Database.php(55): CodeIgniter\Database\Database->initDriver()
 2 SYSTEMPATH\Database\Config.php(82): CodeIgniter\Database\Database->load()
 3 SYSTEMPATH\Model.php(154): CodeIgniter\Database\Config::connect()
 4 APPPATH\Controllers\Tracking.php(16): CodeIgniter\Model->__construct()
 5 SYSTEMPATH\CodeIgniter.php(915): App\Controllers\Tracking->__construct()
 6 SYSTEMPATH\CodeIgniter.php(494): CodeIgniter\CodeIgniter->createController()
 7 SYSTEMPATH\CodeIgniter.php(361): CodeIgniter\CodeIgniter->handleRequest()
 8 FCPATH\index.php(79): CodeIgniter\CodeIgniter->run()
 9 SYSTEMPATH\Commands\Server\rewrite.php(47): require_once('C:\\vell\\sat\\SATRIA-UPLOADED\\public\\index.php')
CRITICAL - 2026-04-29 00:11:44 --> Error: Undefined constant "CodeIgniter\Database\MySQLi\MYSQLI_STORE_RESULT"
in SYSTEMPATH\Database\Database.php on line 137.
 1 SYSTEMPATH\Database\Database.php(55): CodeIgniter\Database\Database->initDriver()
 2 SYSTEMPATH\Database\Config.php(82): CodeIgniter\Database\Database->load()
 3 SYSTEMPATH\Model.php(154): CodeIgniter\Database\Config::connect()
 4 APPPATH\Controllers\Tracking.php(16): CodeIgniter\Model->__construct()
 5 SYSTEMPATH\CodeIgniter.php(915): App\Controllers\Tracking->__construct()
 6 SYSTEMPATH\CodeIgniter.php(494): CodeIgniter\CodeIgniter->createController()
 7 SYSTEMPATH\CodeIgniter.php(361): CodeIgniter\CodeIgniter->handleRequest()
 8 FCPATH\index.php(79): CodeIgniter\CodeIgniter->run()
 9 SYSTEMPATH\Commands\Server\rewrite.php(47): require_once('C:\\vell\\sat\\SATRIA-UPLOADED\\public\\index.php')
CRITICAL - 2026-04-29 00:13:21 --> Error: Undefined constant "CodeIgniter\Database\MySQLi\MYSQLI_STORE_RESULT"
in SYSTEMPATH\Database\Database.php on line 137.
 1 SYSTEMPATH\Database\Database.php(55): CodeIgniter\Database\Database->initDriver()
 2 SYSTEMPATH\Database\Config.php(82): CodeIgniter\Database\Database->load()
 3 SYSTEMPATH\Common.php(365): CodeIgniter\Database\Config::connect()
 4 SYSTEMPATH\Database\MigrationRunner.php(144): db_connect()
 5 SYSTEMPATH\Config\Services.php(417): CodeIgniter\Database\MigrationRunner->__construct()
 6 SYSTEMPATH\Config\BaseService.php(258): CodeIgniter\Config\Services::migrations()
 7 SYSTEMPATH\Config\BaseService.php(199): CodeIgniter\Config\BaseService::__callStatic()
 8 SYSTEMPATH\Config\Services.php(412): CodeIgniter\Config\BaseService::getSharedInstance()
 9 SYSTEMPATH\Config\BaseService.php(258): CodeIgniter\Config\Services::migrations()
10 SYSTEMPATH\Commands\Database\Migrate.php(69): CodeIgniter\Config\BaseService::__callStatic()
11 SYSTEMPATH\CLI\Commands.php(65): CodeIgniter\Commands\Database\Migrate->run()
12 SYSTEMPATH\CLI\Console.php(46): CodeIgniter\CLI\Commands->run()
13 ROOTPATH\spark(102): CodeIgniter\CLI\Console->run()
WARNING - 2026-04-29 00:16:19 --> [DEPRECATED] Kint\Parser\Parser::__construct(): Implicitly marking parameter $caller as nullable is deprecated, the explicit nullable type must be used instead in SYSTEMPATH\ThirdParty\Kint\Parser\Parser.php on line 75.
 1 SYSTEMPATH\CodeIgniter.php(289): require_once('C:\\vell\\sat\\SATRIA-UPLOADED\\vendor\\codeigniter4\\framework\\system\\Debug\\Exceptions.php')
 2 SYSTEMPATH\ThirdParty\Kint\Kint.php(345): CodeIgniter\CodeIgniter->{closure:CodeIgniter\CodeIgniter::autoloadKint():279}([...])
 3 SYSTEMPATH\ThirdParty\Kint\Kint.php(560): Kint\Kint::createFromStatics([...])
 4 SYSTEMPATH\Debug\Toolbar.php(401): Kint\Kint::dump('')
 5 SYSTEMPATH\Filters\DebugToolbar.php(42): CodeIgniter\Debug\Toolbar->prepare(Object(CodeIgniter\HTTP\IncomingRequest), Object(CodeIgniter\HTTP\Response))
 6 SYSTEMPATH\Filters\Filters.php(208): CodeIgniter\Filters\DebugToolbar->after(Object(CodeIgniter\HTTP\IncomingRequest), Object(CodeIgniter\HTTP\Response), null)
 7 SYSTEMPATH\CodeIgniter.php(523): CodeIgniter\Filters\Filters->run('', 'after')
 8 SYSTEMPATH\CodeIgniter.php(361): CodeIgniter\CodeIgniter->handleRequest(null, Object(Config\Cache), false)
 9 FCPATH\index.php(79): CodeIgniter\CodeIgniter->run()
10 SYSTEMPATH\Commands\Server\rewrite.php(47): require_once('C:\\vell\\sat\\SATRIA-UPLOADED\\public\\index.php')
WARNING - 2026-04-29 00:16:19 --> [DEPRECATED] Kint\Parser\Parser::setCallerClass(): Implicitly marking parameter $caller as nullable is deprecated, the explicit nullable type must be used instead in SYSTEMPATH\ThirdParty\Kint\Parser\Parser.php on line 86.
 1 SYSTEMPATH\CodeIgniter.php(289): require_once('C:\\vell\\sat\\SATRIA-UPLOADED\\vendor\\codeigniter4\\framework\\system\\Debug\\Exceptions.php')
 2 SYSTEMPATH\ThirdParty\Kint\Kint.php(345): CodeIgniter\CodeIgniter->{closure:CodeIgniter\CodeIgniter::autoloadKint():279}([...])
 3 SYSTEMPATH\ThirdParty\Kint\Kint.php(560): Kint\Kint::createFromStatics([...])
 4 SYSTEMPATH\Debug\Toolbar.php(401): Kint\Kint::dump('')
 5 SYSTEMPATH\Filters\DebugToolbar.php(42): CodeIgniter\Debug\Toolbar->prepare(Object(CodeIgniter\HTTP\IncomingRequest), Object(CodeIgniter\HTTP\Response))
 6 SYSTEMPATH\Filters\Filters.php(208): CodeIgniter\Filters\DebugToolbar->after(Object(CodeIgniter\HTTP\IncomingRequest), Object(CodeIgniter\HTTP\Response), null)
 7 SYSTEMPATH\CodeIgniter.php(523): CodeIgniter\Filters\Filters->run('', 'after')
 8 SYSTEMPATH\CodeIgniter.php(361): CodeIgniter\CodeIgniter->handleRequest(null, Object(Config\Cache), false)
 9 FCPATH\index.php(79): CodeIgniter\CodeIgniter->run()
10 SYSTEMPATH\Commands\Server\rewrite.php(47): require_once('C:\\vell\\sat\\SATRIA-UPLOADED\\public\\index.php')
WARNING - 2026-04-29 00:16:19 --> [DEPRECATED] Kint\Zval\Value::addRepresentation(): Implicitly marking parameter $pos as nullable is deprecated, the explicit nullable type must be used instead in SYSTEMPATH\ThirdParty\Kint\Zval\Value.php on line 65.
 1 SYSTEMPATH\CodeIgniter.php(289): require_once('C:\\vell\\sat\\SATRIA-UPLOADED\\vendor\\codeigniter4\\framework\\system\\Debug\\Exceptions.php')
 2 SYSTEMPATH\ThirdParty\Kint\Kint.php(398): CodeIgniter\CodeIgniter->{closure:CodeIgniter\CodeIgniter::autoloadKint():279}([...])
 3 SYSTEMPATH\ThirdParty\Kint\Kint.php(574): Kint\Kint::getBasesFromParamInfo([...], 1)
 4 SYSTEMPATH\Debug\Toolbar.php(401): Kint\Kint::dump('')
 5 SYSTEMPATH\Filters\DebugToolbar.php(42): CodeIgniter\Debug\Toolbar->prepare(Object(CodeIgniter\HTTP\IncomingRequest), Object(CodeIgniter\HTTP\Response))
 6 SYSTEMPATH\Filters\Filters.php(208): CodeIgniter\Filters\DebugToolbar->after(Object(CodeIgniter\HTTP\IncomingRequest), Object(CodeIgniter\HTTP\Response), null)
 7 SYSTEMPATH\CodeIgniter.php(523): CodeIgniter\Filters\Filters->run('', 'after')
 8 SYSTEMPATH\CodeIgniter.php(361): CodeIgniter\CodeIgniter->handleRequest(null, Object(Config\Cache), false)
 9 FCPATH\index.php(79): CodeIgniter\CodeIgniter->run()
10 SYSTEMPATH\Commands\Server\rewrite.php(47): require_once('C:\\vell\\sat\\SATRIA-UPLOADED\\public\\index.php')
WARNING - 2026-04-29 00:16:19 --> [DEPRECATED] Kint\Zval\Value::replaceRepresentation(): Implicitly marking parameter $pos as nullable is deprecated, the explicit nullable type must be used instead in SYSTEMPATH\ThirdParty\Kint\Zval\Value.php on line 84.
 1 SYSTEMPATH\CodeIgniter.php(289): require_once('C:\\vell\\sat\\SATRIA-UPLOADED\\vendor\\codeigniter4\\framework\\system\\Debug\\Exceptions.php')
 2 SYSTEMPATH\ThirdParty\Kint\Kint.php(398): CodeIgniter\CodeIgniter->{closure:CodeIgniter\CodeIgniter::autoloadKint():279}([...])
 3 SYSTEMPATH\ThirdParty\Kint\Kint.php(574): Kint\Kint::getBasesFromParamInfo([...], 1)
 4 SYSTEMPATH\Debug\Toolbar.php(401): Kint\Kint::dump('')
 5 SYSTEMPATH\Filters\DebugToolbar.php(42): CodeIgniter\Debug\Toolbar->prepare(Object(CodeIgniter\HTTP\IncomingRequest), Object(CodeIgniter\HTTP\Response))
 6 SYSTEMPATH\Filters\Filters.php(208): CodeIgniter\Filters\DebugToolbar->after(Object(CodeIgniter\HTTP\IncomingRequest), Object(CodeIgniter\HTTP\Response), null)
 7 SYSTEMPATH\CodeIgniter.php(523): CodeIgniter\Filters\Filters->run('', 'after')
 8 SYSTEMPATH\CodeIgniter.php(361): CodeIgniter\CodeIgniter->handleRequest(null, Object(Config\Cache), false)
 9 FCPATH\index.php(79): CodeIgniter\CodeIgniter->run()
10 SYSTEMPATH\Commands\Server\rewrite.php(47): require_once('C:\\vell\\sat\\SATRIA-UPLOADED\\public\\index.php')
WARNING - 2026-04-29 00:16:19 --> [DEPRECATED] Kint\Zval\Value::blank(): Implicitly marking parameter $name as nullable is deprecated, the explicit nullable type must be used instead in SYSTEMPATH\ThirdParty\Kint\Zval\Value.php on line 237.
 1 SYSTEMPATH\CodeIgniter.php(289): require_once('C:\\vell\\sat\\SATRIA-UPLOADED\\vendor\\codeigniter4\\framework\\system\\Debug\\Exceptions.php')
 2 SYSTEMPATH\ThirdParty\Kint\Kint.php(398): CodeIgniter\CodeIgniter->{closure:CodeIgniter\CodeIgniter::autoloadKint():279}([...])
 3 SYSTEMPATH\ThirdParty\Kint\Kint.php(574): Kint\Kint::getBasesFromParamInfo([...], 1)
 4 SYSTEMPATH\Debug\Toolbar.php(401): Kint\Kint::dump('')
 5 SYSTEMPATH\Filters\DebugToolbar.php(42): CodeIgniter\Debug\Toolbar->prepare(Object(CodeIgniter\HTTP\IncomingRequest), Object(CodeIgniter\HTTP\Response))
 6 SYSTEMPATH\Filters\Filters.php(208): CodeIgniter\Filters\DebugToolbar->after(Object(CodeIgniter\HTTP\IncomingRequest), Object(CodeIgniter\HTTP\Response), null)
 7 SYSTEMPATH\CodeIgniter.php(523): CodeIgniter\Filters\Filters->run('', 'after')
 8 SYSTEMPATH\CodeIgniter.php(361): CodeIgniter\CodeIgniter->handleRequest(null, Object(Config\Cache), false)
 9 FCPATH\index.php(79): CodeIgniter\CodeIgniter->run()
10 SYSTEMPATH\Commands\Server\rewrite.php(47): require_once('C:\\vell\\sat\\SATRIA-UPLOADED\\public\\index.php')
WARNING - 2026-04-29 00:16:19 --> [DEPRECATED] Kint\Zval\Value::blank(): Implicitly marking parameter $access_path as nullable is deprecated, the explicit nullable type must be used instead in SYSTEMPATH\ThirdParty\Kint\Zval\Value.php on line 237.
 1 SYSTEMPATH\CodeIgniter.php(289): require_once('C:\\vell\\sat\\SATRIA-UPLOADED\\vendor\\codeigniter4\\framework\\system\\Debug\\Exceptions.php')
 2 SYSTEMPATH\ThirdParty\Kint\Kint.php(398): CodeIgniter\CodeIgniter->{closure:CodeIgniter\CodeIgniter::autoloadKint():279}([...])
 3 SYSTEMPATH\ThirdParty\Kint\Kint.php(574): Kint\Kint::getBasesFromParamInfo([...], 1)
 4 SYSTEMPATH\Debug\Toolbar.php(401): Kint\Kint::dump('')
 5 SYSTEMPATH\Filters\DebugToolbar.php(42): CodeIgniter\Debug\Toolbar->prepare(Object(CodeIgniter\HTTP\IncomingRequest), Object(CodeIgniter\HTTP\Response))
 6 SYSTEMPATH\Filters\Filters.php(208): CodeIgniter\Filters\DebugToolbar->after(Object(CodeIgniter\HTTP\IncomingRequest), Object(CodeIgniter\HTTP\Response), null)
 7 SYSTEMPATH\CodeIgniter.php(523): CodeIgniter\Filters\Filters->run('', 'after')
 8 SYSTEMPATH\CodeIgniter.php(361): CodeIgniter\CodeIgniter->handleRequest(null, Object(Config\Cache), false)
 9 FCPATH\index.php(79): CodeIgniter\CodeIgniter->run()
10 SYSTEMPATH\Commands\Server\rewrite.php(47): require_once('C:\\vell\\sat\\SATRIA-UPLOADED\\public\\index.php')
WARNING - 2026-04-29 00:16:20 --> [DEPRECATED] Kint\Zval\BlobValue::substr(): Implicitly marking parameter $length as nullable is deprecated, the explicit nullable type must be used instead in SYSTEMPATH\ThirdParty\Kint\Zval\BlobValue.php on line 144.
 1 SYSTEMPATH\CodeIgniter.php(289): require_once('C:\\vell\\sat\\SATRIA-UPLOADED\\vendor\\codeigniter4\\framework\\system\\Debug\\Exceptions.php')
 2 SYSTEMPATH\ThirdParty\Kint\Parser\Parser.php(285): CodeIgniter\CodeIgniter->{closure:CodeIgniter\CodeIgniter::autoloadKint():279}([...])
 3 SYSTEMPATH\ThirdParty\Kint\Parser\Parser.php(142): Kint\Parser\Parser->parseString('', Object(Kint\Zval\Value))
 4 SYSTEMPATH\ThirdParty\Kint\Kint.php(285): Kint\Parser\Parser->parse('', Object(Kint\Zval\Value))
 5 SYSTEMPATH\ThirdParty\Kint\Kint.php(268): Kint\Kint->dumpVar('', Object(Kint\Zval\Value))
 6 SYSTEMPATH\ThirdParty\Kint\Kint.php(575): Kint\Kint->dumpAll([...], [...])
 7 SYSTEMPATH\Debug\Toolbar.php(401): Kint\Kint::dump('')
 8 SYSTEMPATH\Filters\DebugToolbar.php(42): CodeIgniter\Debug\Toolbar->prepare(Object(CodeIgniter\HTTP\IncomingRequest), Object(CodeIgniter\HTTP\Response))
 9 SYSTEMPATH\Filters\Filters.php(208): CodeIgniter\Filters\DebugToolbar->after(Object(CodeIgniter\HTTP\IncomingRequest), Object(CodeIgniter\HTTP\Response), null)
10 SYSTEMPATH\CodeIgniter.php(523): CodeIgniter\Filters\Filters->run('', 'after')
11 SYSTEMPATH\CodeIgniter.php(361): CodeIgniter\CodeIgniter->handleRequest(null, Object(Config\Cache), false)
12 FCPATH\index.php(79): CodeIgniter\CodeIgniter->run()
13 SYSTEMPATH\Commands\Server\rewrite.php(47): require_once('C:\\vell\\sat\\SATRIA-UPLOADED\\public\\index.php')
WARNING - 2026-04-29 00:16:20 --> [DEPRECATED] Kint\Zval\Representation\Representation::__construct(): Implicitly marking parameter $name as nullable is deprecated, the explicit nullable type must be used instead in SYSTEMPATH\ThirdParty\Kint\Zval\Representation\Representation.php on line 39.
 1 SYSTEMPATH\CodeIgniter.php(289): require_once('C:\\vell\\sat\\SATRIA-UPLOADED\\vendor\\codeigniter4\\framework\\system\\Debug\\Exceptions.php')
 2 SYSTEMPATH\ThirdParty\Kint\Parser\Parser.php(290): CodeIgniter\CodeIgniter->{closure:CodeIgniter\CodeIgniter::autoloadKint():279}([...])
 3 SYSTEMPATH\ThirdParty\Kint\Parser\Parser.php(142): Kint\Parser\Parser->parseString('', Object(Kint\Zval\Value))
 4 SYSTEMPATH\ThirdParty\Kint\Kint.php(285): Kint\Parser\Parser->parse('', Object(Kint\Zval\Value))
 5 SYSTEMPATH\ThirdParty\Kint\Kint.php(268): Kint\Kint->dumpVar('', Object(Kint\Zval\Value))
 6 SYSTEMPATH\ThirdParty\Kint\Kint.php(575): Kint\Kint->dumpAll([...], [...])
 7 SYSTEMPATH\Debug\Toolbar.php(401): Kint\Kint::dump('')
 8 SYSTEMPATH\Filters\DebugToolbar.php(42): CodeIgniter\Debug\Toolbar->prepare(Object(CodeIgniter\HTTP\IncomingRequest), Object(CodeIgniter\HTTP\Response))
 9 SYSTEMPATH\Filters\Filters.php(208): CodeIgniter\Filters\DebugToolbar->after(Object(CodeIgniter\HTTP\IncomingRequest), Object(CodeIgniter\HTTP\Response), null)
10 SYSTEMPATH\CodeIgniter.php(523): CodeIgniter\Filters\Filters->run('', 'after')
11 SYSTEMPATH\CodeIgniter.php(361): CodeIgniter\CodeIgniter->handleRequest(null, Object(Config\Cache), false)
12 FCPATH\index.php(79): CodeIgniter\CodeIgniter->run()
13 SYSTEMPATH\Commands\Server\rewrite.php(47): require_once('C:\\vell\\sat\\SATRIA-UPLOADED\\public\\index.php')
WARNING - 2026-04-29 00:16:20 --> [DEPRECATED] Kint\Zval\Representation\ColorRepresentation::getColor(): Implicitly marking parameter $variant as nullable is deprecated, the explicit nullable type must be used instead in SYSTEMPATH\ThirdParty\Kint\Zval\Representation\ColorRepresentation.php on line 214.
 1 SYSTEMPATH\CodeIgniter.php(289): require_once('C:\\vell\\sat\\SATRIA-UPLOADED\\vendor\\codeigniter4\\framework\\system\\Debug\\Exceptions.php')
 2 SYSTEMPATH\ThirdParty\Kint\Parser\ColorPlugin.php(53): CodeIgniter\CodeIgniter->{closure:CodeIgniter\CodeIgniter::autoloadKint():279}([...])
 3 SYSTEMPATH\ThirdParty\Kint\Parser\Parser.php(636): Kint\Parser\ColorPlugin->parse('', Object(Kint\Zval\BlobValue), 2)
 4 SYSTEMPATH\ThirdParty\Kint\Parser\Parser.php(297): Kint\Parser\Parser->applyPlugins('', Object(Kint\Zval\BlobValue), 2)
 5 SYSTEMPATH\ThirdParty\Kint\Parser\Parser.php(142): Kint\Parser\Parser->parseString('', Object(Kint\Zval\Value))
 6 SYSTEMPATH\ThirdParty\Kint\Kint.php(285): Kint\Parser\Parser->parse('', Object(Kint\Zval\Value))
 7 SYSTEMPATH\ThirdParty\Kint\Kint.php(268): Kint\Kint->dumpVar('', Object(Kint\Zval\Value))
 8 SYSTEMPATH\ThirdParty\Kint\Kint.php(575): Kint\Kint->dumpAll([...], [...])
 9 SYSTEMPATH\Debug\Toolbar.php(401): Kint\Kint::dump('')
10 SYSTEMPATH\Filters\DebugToolbar.php(42): CodeIgniter\Debug\Toolbar->prepare(Object(CodeIgniter\HTTP\IncomingRequest), Object(CodeIgniter\HTTP\Response))
11 SYSTEMPATH\Filters\Filters.php(208): CodeIgniter\Filters\DebugToolbar->after(Object(CodeIgniter\HTTP\IncomingRequest), Object(CodeIgniter\HTTP\Response), null)
12 SYSTEMPATH\CodeIgniter.php(523): CodeIgniter\Filters\Filters->run('', 'after')
13 SYSTEMPATH\CodeIgniter.php(361): CodeIgniter\CodeIgniter->handleRequest(null, Object(Config\Cache), false)
14 FCPATH\index.php(79): CodeIgniter\CodeIgniter->run()
15 SYSTEMPATH\Commands\Server\rewrite.php(47): require_once('C:\\vell\\sat\\SATRIA-UPLOADED\\public\\index.php')
WARNING - 2026-04-29 00:16:20 --> [DEPRECATED] Kint\Zval\Representation\ColorRepresentation::hasAlpha(): Implicitly marking parameter $variant as nullable is deprecated, the explicit nullable type must be used instead in SYSTEMPATH\ThirdParty\Kint\Zval\Representation\ColorRepresentation.php on line 278.
 1 SYSTEMPATH\CodeIgniter.php(289): require_once('C:\\vell\\sat\\SATRIA-UPLOADED\\vendor\\codeigniter4\\framework\\system\\Debug\\Exceptions.php')
 2 SYSTEMPATH\ThirdParty\Kint\Parser\ColorPlugin.php(53): CodeIgniter\CodeIgniter->{closure:CodeIgniter\CodeIgniter::autoloadKint():279}([...])
 3 SYSTEMPATH\ThirdParty\Kint\Parser\Parser.php(636): Kint\Parser\ColorPlugin->parse('', Object(Kint\Zval\BlobValue), 2)
 4 SYSTEMPATH\ThirdParty\Kint\Parser\Parser.php(297): Kint\Parser\Parser->applyPlugins('', Object(Kint\Zval\BlobValue), 2)
 5 SYSTEMPATH\ThirdParty\Kint\Parser\Parser.php(142): Kint\Parser\Parser->parseString('', Object(Kint\Zval\Value))
 6 SYSTEMPATH\ThirdParty\Kint\Kint.php(285): Kint\Parser\Parser->parse('', Object(Kint\Zval\Value))
 7 SYSTEMPATH\ThirdParty\Kint\Kint.php(268): Kint\Kint->dumpVar('', Object(Kint\Zval\Value))
 8 SYSTEMPATH\ThirdParty\Kint\Kint.php(575): Kint\Kint->dumpAll([...], [...])
 9 SYSTEMPATH\Debug\Toolbar.php(401): Kint\Kint::dump('')
10 SYSTEMPATH\Filters\DebugToolbar.php(42): CodeIgniter\Debug\Toolbar->prepare(Object(CodeIgniter\HTTP\IncomingRequest), Object(CodeIgniter\HTTP\Response))
11 SYSTEMPATH\Filters\Filters.php(208): CodeIgniter\Filters\DebugToolbar->after(Object(CodeIgniter\HTTP\IncomingRequest), Object(CodeIgniter\HTTP\Response), null)
12 SYSTEMPATH\CodeIgniter.php(523): CodeIgniter\Filters\Filters->run('', 'after')
13 SYSTEMPATH\CodeIgniter.php(361): CodeIgniter\CodeIgniter->handleRequest(null, Object(Config\Cache), false)
14 FCPATH\index.php(79): CodeIgniter\CodeIgniter->run()
15 SYSTEMPATH\Commands\Server\rewrite.php(47): require_once('C:\\vell\\sat\\SATRIA-UPLOADED\\public\\index.php')
